TPOSE SEQ NOF2 C:\Users\EILDER~1\AppData\Local\Temp\RtmpyO6Oyt\cspade45506aaec64.data 0.100000 1 1 1 F1stats = [ 2 0 0 0.000000 ] 0.042258 0.002005 0.102416
CONF 1 3 1 20
MINSUPPORT 1 1
MINMAX 1 1
1 SUPP 1
2 SUPP 1
numfreq 2 :  0 SUMSUP SUMDIFF = 0 0
EXTRARYSZ 4931584
OPENED C:\Users\EILDER~1\AppData\Local\Temp\RtmpyO6Oyt\cspade45506aaec64.idx
OFF 3 40
Wrote Offt 0.00200486
BOUNDS 1 2
WROTE INVERT 0.042258
Total elapsed time 0.102416
SPADE C:\Users\EILDER~1\AppData\Local\Temp\RtmpyO6Oyt\cspade45506aaec64.tpose 0.100000 1 2044 0.000000 0 0 0 0 0 10 1 10 10 : 2 4 8 16 32 64 128 256 512 969 0 : 0.000000 0.000000 0.010997 0.043987
TPOSE SEQ NOF2 C:\Users\EILDER~1\AppData\Local\Temp\RtmpyO6Oyt\cspade455034582e91.data 0.100000 1 1 1 F1stats = [ 2 0 0 0.000000 ] 0.004988 0.001024 0.015006
CONF 1 3 1 33
MINSUPPORT 1 1
MINMAX 1 1
1 SUPP 1
2 SUPP 1
numfreq 2 :  0 SUMSUP SUMDIFF = 0 0
EXTRARYSZ 4931584
OPENED C:\Users\EILDER~1\AppData\Local\Temp\RtmpyO6Oyt\cspade455034582e91.idx
OFF 3 66
Wrote Offt 0.00102401
BOUNDS 1 2
WROTE INVERT 0.00498796
Total elapsed time 0.0150058
SPADE C:\Users\EILDER~1\AppData\Local\Temp\RtmpyO6Oyt\cspade455034582e91.tpose 0.100000 1 2044 0.000000 0 0 0 0 0 10 1 10 10 : 2 4 8 16 32 64 128 256 512 1024 0 : 0.000000 0.000000 0.011979 0.011979
TPOSE SEQ NOF2 C:\Users\EILDER~1\AppData\Local\Temp\RtmpyO6Oyt\cspade455050dd5b03.data 0.100000 1 1 1 F1stats = [ 2 0 0 0.000000 ] 0.000986 0.002015 0.003998
CONF 1 3 1 33
MINSUPPORT 1 1
MINMAX 1 1
1 SUPP 1
2 SUPP 1
numfreq 2 :  0 SUMSUP SUMDIFF = 0 0
EXTRARYSZ 4931584
OPENED C:\Users\EILDER~1\AppData\Local\Temp\RtmpyO6Oyt\cspade455050dd5b03.idx
OFF 3 66
Wrote Offt 0.00201511
BOUNDS 1 2
WROTE INVERT 0.000985861
Total elapsed time 0.00399804
SPADE C:\Users\EILDER~1\AppData\Local\Temp\RtmpyO6Oyt\cspade455050dd5b03.tpose 0.100000 1 2044 0.000000 0 0 0 0 0 10 1 10 10 : 2 4 8 16 32 64 128 256 512 1024 0 : 0.000000 0.000000 0.010994 0.011984
TPOSE SEQ NOF2 C:\Users\EILDER~1\AppData\Local\Temp\RtmpyO6Oyt\cspade45502a412419.data 0.100000 1 1 1 F1stats = [ 2 0 0 0.000000 ] 0.001999 0.000986 0.004998
CONF 1 3 1 33
MINSUPPORT 1 1
MINMAX 1 1
1 SUPP 1
2 SUPP 1
numfreq 2 :  0 SUMSUP SUMDIFF = 0 0
EXTRARYSZ 4931584
OPENED C:\Users\EILDER~1\AppData\Local\Temp\RtmpyO6Oyt\cspade45502a412419.idx
OFF 3 66
Wrote Offt 0.000986099
BOUNDS 1 2
WROTE INVERT 0.0019989
Total elapsed time 0.00499797
SPADE C:\Users\EILDER~1\AppData\Local\Temp\RtmpyO6Oyt\cspade45502a412419.tpose 0.100000 1 2044 0.000000 0 0 0 0 0 10 1 3 10 : 2 4 8 16 32 64 128 256 512 1024 0 : 0.001013 0.000000 0.016976 0.017989
TPOSE SEQ NOF2 C:\Users\EILDER~1\AppData\Local\Temp\RtmpyO6Oyt\cspade45505c955d25.data 0.100000 1 1 1 F1stats = [ 2 0 0 0.000000 ] 0.000999 0.001000 0.003997
CONF 1 3 1 33
MINSUPPORT 1 1
MINMAX 1 1
1 SUPP 1
2 SUPP 1
numfreq 2 :  0 SUMSUP SUMDIFF = 0 0
EXTRARYSZ 4931584
OPENED C:\Users\EILDER~1\AppData\Local\Temp\RtmpyO6Oyt\cspade45505c955d25.idx
OFF 3 66
Wrote Offt 0.000999928
BOUNDS 1 2
WROTE INVERT 0.000999212
Total elapsed time 0.00399709
SPADE C:\Users\EILDER~1\AppData\Local\Temp\RtmpyO6Oyt\cspade45505c955d25.tpose 0.100000 1 28 0.000000 0 0 0 0 0 5 1 3 4 : 2 4 8 16 0 : 0.000000 0.000000 0.064960 0.065960
TPOSE SEQ NOF2 C:\Users\EILDER~1\AppData\Local\Temp\RtmpyO6Oyt\cspade4550474b1d63.data 0.100000 1 1 1 F1stats = [ 2 0 0 0.000000 ] 0.001000 0.000999 0.003988
CONF 1 3 1 33
MINSUPPORT 1 1
MINMAX 1 1
1 SUPP 1
2 SUPP 1
numfreq 2 :  0 SUMSUP SUMDIFF = 0 0
EXTRARYSZ 4931584
OPENED C:\Users\EILDER~1\AppData\Local\Temp\RtmpyO6Oyt\cspade4550474b1d63.idx
OFF 3 66
Wrote Offt 0.000998974
BOUNDS 1 2
WROTE INVERT 0.000999928
Total elapsed time 0.00398779
SPADE C:\Users\EILDER~1\AppData\Local\Temp\RtmpyO6Oyt\cspade4550474b1d63.tpose 0.100000 1 60 0.000000 0 0 0 0 0 5 1 3 5 : 2 4 8 16 32 0 : 0.000000 0.000000 0.000998 0.002012
TPOSE SEQ NOF2 C:\Users\EILDER~1\AppData\Local\Temp\RtmpyO6Oyt\cspade455044274787.data 0.100000 1 1 1 F1stats = [ 2 0 0 0.000000 ] 0.001000 0.002013 0.003998
CONF 1 3 1 33
MINSUPPORT 1 1
MINMAX 1 1
1 SUPP 1
2 SUPP 1
numfreq 2 :  0 SUMSUP SUMDIFF = 0 0
EXTRARYSZ 4931584
OPENED C:\Users\EILDER~1\AppData\Local\Temp\RtmpyO6Oyt\cspade455044274787.idx
OFF 3 66
Wrote Offt 0.00201297
BOUNDS 1 2
WROTE INVERT 0.00100017
Total elapsed time 0.00399804
SPADE C:\Users\EILDER~1\AppData\Local\Temp\RtmpyO6Oyt\cspade455044274787.tpose 0.100000 1 46 0.000000 0 0 0 0 0 1 1 3 5 : 2 4 7 10 12 0 : 0.000000 0.000000 0.001998 0.002998
TPOSE SEQ NOF2 C:\Users\EILDER~1\AppData\Local\Temp\RtmpyO6Oyt\cspade4550744d30bd.data 0.100000 1 1 1 F1stats = [ 2 0 0 0.000000 ] 0.000999 0.001012 0.003998
CONF 1 3 1 33
MINSUPPORT 1 1
MINMAX 1 1
1 SUPP 1
2 SUPP 1
numfreq 2 :  0 SUMSUP SUMDIFF = 0 0
EXTRARYSZ 4931584
OPENED C:\Users\EILDER~1\AppData\Local\Temp\RtmpyO6Oyt\cspade4550744d30bd.idx
OFF 3 66
Wrote Offt 0.00101209
BOUNDS 1 2
WROTE INVERT 0.000998974
Total elapsed time 0.00399804
SPADE C:\Users\EILDER~1\AppData\Local\Temp\RtmpyO6Oyt\cspade4550744d30bd.tpose 0.100000 1 46 0.000000 0 0 0 0 0 1 1 3 5 : 2 4 7 10 12 0 : 0.000000 0.000000 0.000985 0.001985
TPOSE SEQ NOF2 C:\Users\EILDER~1\AppData\Local\Temp\RtmpyO6Oyt\cspade455066043b96.data 0.100000 1 1 1 F1stats = [ 2 0 0 0.000000 ] 0.000999 0.000999 0.004012
CONF 1 3 1 33
MINSUPPORT 1 1
MINMAX 1 1
1 SUPP 1
2 SUPP 1
numfreq 2 :  0 SUMSUP SUMDIFF = 0 0
EXTRARYSZ 4931584
OPENED C:\Users\EILDER~1\AppData\Local\Temp\RtmpyO6Oyt\cspade455066043b96.idx
OFF 3 66
Wrote Offt 0.000998974
BOUNDS 1 2
WROTE INVERT 0.000998974
Total elapsed time 0.00401187
SPADE C:\Users\EILDER~1\AppData\Local\Temp\RtmpyO6Oyt\cspade455066043b96.tpose 0.100000 1 0 0.000000 0 0 0 0 0 0 1 3 5 : 2 0 : 0.000000 0.000000 0.000000 0.000999
TPOSE SEQ NOF2 C:\Users\EILDER~1\AppData\Local\Temp\RtmpyO6Oyt\cspade45503d58350.data 0.100000 1 1 1 F1stats = [ 2 0 0 0.000000 ] 0.001000 0.001013 0.002999
CONF 1 3 1 33
MINSUPPORT 1 1
MINMAX 1 1
1 SUPP 1
2 SUPP 1
numfreq 2 :  0 SUMSUP SUMDIFF = 0 0
EXTRARYSZ 4931584
OPENED C:\Users\EILDER~1\AppData\Local\Temp\RtmpyO6Oyt\cspade45503d58350.idx
OFF 3 66
Wrote Offt 0.00101304
BOUNDS 1 2
WROTE INVERT 0.000999928
Total elapsed time 0.00299883
SPADE C:\Users\EILDER~1\AppData\Local\Temp\RtmpyO6Oyt\cspade45503d58350.tpose 0.100000 1 46 0.000000 0 0 0 0 0 1 1 3 5 : 2 4 7 10 12 0 : 0.000000 0.000000 0.000999 0.001998
TPOSE SEQ NOF2 C:\Users\EILDER~1\AppData\Local\Temp\RtmpyO6Oyt\cspade45501ef76266.data 0.100000 1 1 1 F1stats = [ 2 0 0 0.000000 ] 0.001001 0.001999 0.003989
CONF 1 3 1 33
MINSUPPORT 1 1
MINMAX 1 1
1 SUPP 1
2 SUPP 1
numfreq 2 :  0 SUMSUP SUMDIFF = 0 0
EXTRARYSZ 4931584
OPENED C:\Users\EILDER~1\AppData\Local\Temp\RtmpyO6Oyt\cspade45501ef76266.idx
OFF 3 66
Wrote Offt 0.0019989
BOUNDS 1 2
WROTE INVERT 0.00100088
Total elapsed time 0.00398898
SPADE C:\Users\EILDER~1\AppData\Local\Temp\RtmpyO6Oyt\cspade45501ef76266.tpose 0.100000 1 46 0.000000 0 0 0 0 0 1 1 3 5 : 2 4 7 10 12 0 : 0.000000 0.000000 0.001999 0.002998
TPOSE SEQ NOF2 C:\Users\EILDER~1\AppData\Local\Temp\RtmpyO6Oyt\cspade455056b83688.data 0.100000 1 1 1 F1stats = [ 2 0 0 0.000000 ] 0.001984 0.001015 0.003985
CONF 1 3 1 33
MINSUPPORT 1 1
MINMAX 1 1
1 SUPP 1
2 SUPP 1
numfreq 2 :  0 SUMSUP SUMDIFF = 0 0
EXTRARYSZ 4931584
OPENED C:\Users\EILDER~1\AppData\Local\Temp\RtmpyO6Oyt\cspade455056b83688.idx
OFF 3 66
Wrote Offt 0.00101495
BOUNDS 1 2
WROTE INVERT 0.00198412
Total elapsed time 0.00398493
SPADE C:\Users\EILDER~1\AppData\Local\Temp\RtmpyO6Oyt\cspade455056b83688.tpose 0.100000 1 46 0.000000 0 0 0 0 0 1 1 3 5 : 2 4 7 10 12 0 : 0.000000 0.000000 0.014991 0.015977
TPOSE SEQ NOF2 C:\Users\EILDER~1\AppData\Local\Temp\RtmpyO6Oyt\cspade45503fb4156d.data 0.100000 1 1 1 F1stats = [ 2 0 0 0.000000 ] 0.001985 0.000999 0.004998
CONF 1 3 1 33
MINSUPPORT 1 1
MINMAX 1 1
1 SUPP 1
2 SUPP 1
numfreq 2 :  0 SUMSUP SUMDIFF = 0 0
EXTRARYSZ 4931584
OPENED C:\Users\EILDER~1\AppData\Local\Temp\RtmpyO6Oyt\cspade45503fb4156d.idx
OFF 3 66
Wrote Offt 0.000998974
BOUNDS 1 2
WROTE INVERT 0.00198507
Total elapsed time 0.00499821
SPADE C:\Users\EILDER~1\AppData\Local\Temp\RtmpyO6Oyt\cspade45503fb4156d.tpose 0.100000 1 60 0.000000 0 0 0 0 0 10 1 3 5 : 2 4 8 16 32 0 : 0.000000 0.000000 0.001012 0.001012
TPOSE SEQ NOF2 C:\Users\EILDER~1\AppData\Local\Temp\RtmpyO6Oyt\cspade455061de11b.data 0.100000 1 1 1 F1stats = [ 2 0 0 0.000000 ] 0.001001 0.001999 0.003999
CONF 1 3 1 33
MINSUPPORT 1 1
MINMAX 1 1
1 SUPP 1
2 SUPP 1
numfreq 2 :  0 SUMSUP SUMDIFF = 0 0
EXTRARYSZ 4931584
OPENED C:\Users\EILDER~1\AppData\Local\Temp\RtmpyO6Oyt\cspade455061de11b.idx
OFF 3 66
Wrote Offt 0.0019989
BOUNDS 1 2
WROTE INVERT 0.00100112
Total elapsed time 0.00399899
SPADE C:\Users\EILDER~1\AppData\Local\Temp\RtmpyO6Oyt\cspade455061de11b.tpose 0.100000 1 60 0.000000 0 0 0 0 0 10 1 100 5 : 2 4 8 16 32 0 : 0.000000 0.000000 0.007012 0.007012
TPOSE SEQ NOF2 C:\Users\EILDER~1\AppData\Local\Temp\RtmpyO6Oyt\cspade45507c9b145b.data 0.100000 1 1 1 F1stats = [ 2 0 0 0.000000 ] 0.003996 0.001987 0.049298
CONF 1 3 1 15
MINSUPPORT 1 1
MINMAX 1 1
1 SUPP 1
2 SUPP 1
numfreq 2 :  0 SUMSUP SUMDIFF = 0 0
EXTRARYSZ 4931584
OPENED C:\Users\EILDER~1\AppData\Local\Temp\RtmpyO6Oyt\cspade45507c9b145b.idx
OFF 3 30
Wrote Offt 0.00198698
BOUNDS 1 2
WROTE INVERT 0.00399613
Total elapsed time 0.049298
SPADE C:\Users\EILDER~1\AppData\Local\Temp\RtmpyO6Oyt\cspade45507c9b145b.tpose 0.100000 1 60 0.000000 0 0 0 0 0 10 1 100 5 : 2 4 8 16 32 0 : 0.000000 0.000000 0.001016 0.003001
TPOSE SEQ NOF2 C:\Users\EILDER~1\AppData\Local\Temp\RtmpyO6Oyt\cspade455042332679.data 0.100000 1 1 1 F1stats = [ 2 0 0 0.000000 ] 0.002008 0.000986 0.005008
CONF 1 3 1 15
MINSUPPORT 1 1
MINMAX 1 1
1 SUPP 1
2 SUPP 1
numfreq 2 :  0 SUMSUP SUMDIFF = 0 0
EXTRARYSZ 4931584
OPENED C:\Users\EILDER~1\AppData\Local\Temp\RtmpyO6Oyt\cspade455042332679.idx
OFF 3 30
Wrote Offt 0.000986099
BOUNDS 1 2
WROTE INVERT 0.00200796
Total elapsed time 0.00500798
SPADE C:\Users\EILDER~1\AppData\Local\Temp\RtmpyO6Oyt\cspade455042332679.tpose 0.100000 1 56 0.000000 0 0 0 0 0 2 1 100 5 : 2 4 8 14 26 0 : 0.000000 0.000000 0.001001 0.001001
TPOSE SEQ NOF2 C:\Users\EILDER~1\AppData\Local\Temp\RtmpyO6Oyt\cspade455026c21055.data 0.100000 1 1 1 F1stats = [ 4 0 0 0.000000 ] 0.005010 0.007997 0.052982
CONF 1 5 1 15
MINSUPPORT 1 1
MINMAX 1 1
1 SUPP 1
2 SUPP 1
3 SUPP 1
4 SUPP 1
numfreq 4 :  0 SUMSUP SUMDIFF = 0 0
EXTRARYSZ 2465792
OPENED C:\Users\EILDER~1\AppData\Local\Temp\RtmpyO6Oyt\cspade455026c21055.idx
OFF 5 30
Wrote Offt 0.00799704
BOUNDS 1 2
WROTE INVERT 0.00500989
Total elapsed time 0.0529819
SPADE C:\Users\EILDER~1\AppData\Local\Temp\RtmpyO6Oyt\cspade455026c21055.tpose 0.100000 1 202 0.000000 0 0 0 0 0 2 1 2 5 : 4 11 23 42 71 0 : 0.000000 0.000999 0.001000 0.001999
TPOSE SEQ NOF2 C:\Users\EILDER~1\AppData\Local\Temp\RtmpyO6Oyt\cspade4550346f3599.data 0.100000 1 1 1 F1stats = [ 2 0 0 0.000000 ] 0.004000 0.001013 0.058967
CONF 1 3 1 15
MINSUPPORT 1 1
MINMAX 1 1
1 SUPP 1
2 SUPP 1
numfreq 2 :  0 SUMSUP SUMDIFF = 0 0
EXTRARYSZ 4931584
OPENED C:\Users\EILDER~1\AppData\Local\Temp\RtmpyO6Oyt\cspade4550346f3599.idx
OFF 3 30
Wrote Offt 0.00101304
BOUNDS 1 2
WROTE INVERT 0.00399995
Total elapsed time 0.0589669
SPADE C:\Users\EILDER~1\AppData\Local\Temp\RtmpyO6Oyt\cspade4550346f3599.tpose 0.100000 1 0 0.000000 0 0 0 0 0 2 1 2 5 : 2 0 : 0.000000 0.000000 0.000000 0.001019
TPOSE SEQ NOF2 C:\Users\EILDER~1\AppData\Local\Temp\RtmpyO6Oyt\cspade4550203810cf.data 0.100000 1 1 1 F1stats = [ 2 0 0 0.000000 ] 0.001000 0.000999 0.003997
CONF 1 3 1 15
MINSUPPORT 1 1
MINMAX 1 1
1 SUPP 1
2 SUPP 1
numfreq 2 :  0 SUMSUP SUMDIFF = 0 0
EXTRARYSZ 4931584
OPENED C:\Users\EILDER~1\AppData\Local\Temp\RtmpyO6Oyt\cspade4550203810cf.idx
OFF 3 30
Wrote Offt 0.000998974
BOUNDS 1 2
WROTE INVERT 0.000999928
Total elapsed time 0.00399685
SPADE C:\Users\EILDER~1\AppData\Local\Temp\RtmpyO6Oyt\cspade4550203810cf.tpose 0.100000 1 0 0.000000 0 0 0 0 0 2 1 2 5 : 2 0 : 0.000000 0.000000 0.000000 0.001000
TPOSE SEQ NOF2 C:\Users\EILDER~1\AppData\Local\Temp\RtmpyO6Oyt\cspade45504d3e36d1.data 0.100000 1 1 1 F1stats = [ 2 0 0 0.001014 ] 0.000999 0.001000 0.005000
CONF 1 3 1 15
MINSUPPORT 1 1
MINMAX 1 1
1 SUPP 1
2 SUPP 1
numfreq 2 :  0.00101399 SUMSUP SUMDIFF = 0 0
EXTRARYSZ 4931584
OPENED C:\Users\EILDER~1\AppData\Local\Temp\RtmpyO6Oyt\cspade45504d3e36d1.idx
OFF 3 30
Wrote Offt 0.000999928
BOUNDS 1 2
WROTE INVERT 0.000998974
Total elapsed time 0.00499988
SPADE C:\Users\EILDER~1\AppData\Local\Temp\RtmpyO6Oyt\cspade45504d3e36d1.tpose 0.100000 1 0 0.000000 0 0 0 0 0 20 1 2 5 : 2 0 : 0.000000 0.000000 0.000000 0.000999
TPOSE SEQ NOF2 C:\Users\EILDER~1\AppData\Local\Temp\RtmpyO6Oyt\cspade45502d9c413d.data 0.100000 1 1 1 F1stats = [ 2 0 0 0.000000 ] 0.001011 0.001987 0.004009
CONF 1 3 1 15
MINSUPPORT 1 1
MINMAX 1 1
1 SUPP 1
2 SUPP 1
numfreq 2 :  0 SUMSUP SUMDIFF = 0 0
EXTRARYSZ 4931584
OPENED C:\Users\EILDER~1\AppData\Local\Temp\RtmpyO6Oyt\cspade45502d9c413d.idx
OFF 3 30
Wrote Offt 0.00198698
BOUNDS 1 2
WROTE INVERT 0.00101089
Total elapsed time 0.00400901
SPADE C:\Users\EILDER~1\AppData\Local\Temp\RtmpyO6Oyt\cspade45502d9c413d.tpose 0.100000 1 56 0.000000 0 0 0 0 0 200 1 2 5 : 2 4 8 14 26 0 : 0.000000 0.000000 0.000000 0.000999
TPOSE SEQ NOF2 C:\Users\EILDER~1\AppData\Local\Temp\RtmpyO6Oyt\cspade45509e04d4.data 0.100000 1 1 1 F1stats = [ 2 0 0 0.000000 ] 0.001000 0.000985 0.002999
CONF 1 3 1 15
MINSUPPORT 1 1
MINMAX 1 1
1 SUPP 1
2 SUPP 1
numfreq 2 :  0 SUMSUP SUMDIFF = 0 0
EXTRARYSZ 4931584
OPENED C:\Users\EILDER~1\AppData\Local\Temp\RtmpyO6Oyt\cspade45509e04d4.idx
OFF 3 30
Wrote Offt 0.000984907
BOUNDS 1 2
WROTE INVERT 0.000999928
Total elapsed time 0.00299883
SPADE C:\Users\EILDER~1\AppData\Local\Temp\RtmpyO6Oyt\cspade45509e04d4.tpose 0.100000 1 36 0.000000 0 0 0 0 0 100 1 2 5 : 2 4 6 6 6 0 : 0.000000 0.000000 0.001000 0.001998
TPOSE SEQ NOF2 C:\Users\EILDER~1\AppData\Local\Temp\RtmpyO6Oyt\cspade455012e7b91.data 0.100000 1 1 1 F1stats = [ 2 0 0 0.000000 ] 0.000999 0.001998 0.003996
CONF 1 3 1 15
MINSUPPORT 1 1
MINMAX 1 1
1 SUPP 1
2 SUPP 1
numfreq 2 :  0 SUMSUP SUMDIFF = 0 0
EXTRARYSZ 4931584
OPENED C:\Users\EILDER~1\AppData\Local\Temp\RtmpyO6Oyt\cspade455012e7b91.idx
OFF 3 30
Wrote Offt 0.00199795
BOUNDS 1 2
WROTE INVERT 0.000998974
Total elapsed time 0.0039959
SPADE C:\Users\EILDER~1\AppData\Local\Temp\RtmpyO6Oyt\cspade455012e7b91.tpose 0.100000 1 0 0.000000 0 0 0 0 0 99 1 2 5 : 2 0 : 0.000000 0.000000 0.000000 0.000000
TPOSE SEQ NOF2 C:\Users\EILDER~1\AppData\Local\Temp\RtmpyO6Oyt\cspade45506fa28b9.data 0.100000 1 1 1 F1stats = [ 2 0 0 0.000000 ] 0.001000 0.000999 0.004010
CONF 1 3 1 15
MINSUPPORT 1 1
MINMAX 1 1
1 SUPP 1
2 SUPP 1
numfreq 2 :  0 SUMSUP SUMDIFF = 0 0
EXTRARYSZ 4931584
OPENED C:\Users\EILDER~1\AppData\Local\Temp\RtmpyO6Oyt\cspade45506fa28b9.idx
OFF 3 30
Wrote Offt 0.000998974
BOUNDS 1 2
WROTE INVERT 0.000999928
Total elapsed time 0.00400996
SPADE C:\Users\EILDER~1\AppData\Local\Temp\RtmpyO6Oyt\cspade45506fa28b9.tpose 0.100000 1 36 0.000000 0 0 0 0 0 100 1 2 5 : 2 4 6 6 6 0 : 0.000000 0.000000 0.000000 0.001000
TPOSE SEQ NOF2 C:\Users\EILDER~1\AppData\Local\Temp\RtmpyO6Oyt\cspade455014b32e38.data 0.100000 1 1 1 F1stats = [ 2 0 0 0.000000 ] 0.001000 0.000987 0.003999
CONF 1 3 1 15
MINSUPPORT 1 1
MINMAX 1 1
1 SUPP 1
2 SUPP 1
numfreq 2 :  0 SUMSUP SUMDIFF = 0 0
EXTRARYSZ 4931584
OPENED C:\Users\EILDER~1\AppData\Local\Temp\RtmpyO6Oyt\cspade455014b32e38.idx
OFF 3 30
Wrote Offt 0.000986814
BOUNDS 1 2
WROTE INVERT 0.00100017
Total elapsed time 0.00399899
SPADE C:\Users\EILDER~1\AppData\Local\Temp\RtmpyO6Oyt\cspade455014b32e38.tpose 0.100000 1 36 0.000999 0 0 0 0 0 100 100 2 5 : 2 4 6 6 6 0 : 0.000000 0.000000 0.001999 0.001999
TPOSE SEQ NOF2 C:\Users\EILDER~1\AppData\Local\Temp\RtmpyO6Oyt\cspade4550619945fe.data 0.100000 4 1 1 F1stats = [ 8 0 0 0.000000 ] 0.005988 0.005998 0.072980
CONF 4 9 2.7 2.5
MINSUPPORT 1 4
MINMAX 1 4
1 SUPP 4
2 SUPP 4
3 SUPP 1
4 SUPP 2
5 SUPP 1
6 SUPP 4
7 SUPP 1
8 SUPP 1
numfreq 8 :  0 SUMSUP SUMDIFF = 0 0
EXTRARYSZ 1232896
OPENED C:\Users\EILDER~1\AppData\Local\Temp\RtmpyO6Oyt\cspade4550619945fe.idx
OFF 9 54
Wrote Offt 0.00599813
BOUNDS 1 5
WROTE INVERT 0.00598788
Total elapsed time 0.0729802
SPADE C:\Users\EILDER~1\AppData\Local\Temp\RtmpyO6Oyt\cspade4550619945fe.tpose 0.100000 1 14 0.000000 0 0 0 0 0 100 100 2 5 : 8 14 0 : 0.000999 0.000000 0.000000 0.000999
TPOSE SEQ NOF2 C:\Users\EILDER~1\AppData\Local\Temp\RtmpyO6Oyt\cspade4550580d2742.data 0.100000 1 1 1 F1stats = [ 2 0 0 0.000000 ] 0.001000 0.002001 0.004999
CONF 1 3 1 15
MINSUPPORT 1 1
MINMAX 1 1
1 SUPP 1
2 SUPP 1
numfreq 2 :  0 SUMSUP SUMDIFF = 0 0
EXTRARYSZ 4931584
OPENED C:\Users\EILDER~1\AppData\Local\Temp\RtmpyO6Oyt\cspade4550580d2742.idx
OFF 3 30
Wrote Offt 0.00200081
BOUNDS 1 2
WROTE INVERT 0.00100017
Total elapsed time 0.00499916
SPADE C:\Users\EILDER~1\AppData\Local\Temp\RtmpyO6Oyt\cspade4550580d2742.tpose 0.100000 1 36 0.001002 0 0 0 0 0 100 100 2 5 : 2 4 6 6 6 0 : 0.000000 0.000000 0.001002 0.001002
TPOSE SEQ NOF2 C:\Users\EILDER~1\AppData\Local\Temp\RtmpyO6Oyt\cspade455063d81ecd.data 0.100000 15 2 1 F1stats = [ 2 0 0 0.001015 ] 0.059353 0.000985 0.066350
CONF 15 3 1 1
MINSUPPORT 2 15
MINMAX 1 15
1 SUPP 8
2 SUPP 7
numfreq 2 :  0.00101519 SUMSUP SUMDIFF = 0 0
EXTRARYSZ 4931584
OPENED C:\Users\EILDER~1\AppData\Local\Temp\RtmpyO6Oyt\cspade455063d81ecd.idx
OFF 3 30
Wrote Offt 0.000984907
BOUNDS 1 16
WROTE INVERT 0.0593531
Total elapsed time 0.06635
SPADE C:\Users\EILDER~1\AppData\Local\Temp\RtmpyO6Oyt\cspade455063d81ecd.tpose 0.100000 2 0 0.000000 0 0 0 0 0 100 100 2 5 : 2 0 : 0.000000 0.000000 0.000000 0.001000
TPOSE SEQ NOF2 C:\Users\EILDER~1\AppData\Local\Temp\RtmpyO6Oyt\cspade45502e0e1ac2.data 0.100000 15 2 1 F1stats = [ 2 0 0 0.000000 ] 0.000985 0.002013 0.004997
CONF 15 3 1 1
MINSUPPORT 2 15
MINMAX 1 15
1 SUPP 8
2 SUPP 7
numfreq 2 :  0 SUMSUP SUMDIFF = 0 0
EXTRARYSZ 4931584
OPENED C:\Users\EILDER~1\AppData\Local\Temp\RtmpyO6Oyt\cspade45502e0e1ac2.idx
OFF 3 30
Wrote Offt 0.00201321
BOUNDS 1 16
WROTE INVERT 0.000984907
Total elapsed time 0.00499701
SPADE C:\Users\EILDER~1\AppData\Local\Temp\RtmpyO6Oyt\cspade45502e0e1ac2.tpose 0.100000 2 0 0.000000 0 0 0 0 0 1 1 2 5 : 2 0 : 0.000000 0.000000 0.000000 0.000000
